<?xml version="1.0" encoding="UTF-8"?>
<!-- Generated by org.testng.reporters.JUnitReportReporter -->
<testsuite skipped="0" hostname="CHETAN-PC" name="com.mycompany.app.JsonPathTest" tests="1" failures="0" timestamp="12 Sep 2018 16:20:13 GMT" time="1.192" errors="0">
  <testcase name="JsonPathUsage" time="1.192" classname="com.mycompany.app.JsonPathTest"/>
</testsuite> <!-- com.mycompany.app.JsonPathTest -->
