<?xml version="1.0" encoding="UTF-8"?>
<testsuite xmlns:xsi="http://www.w3.org/2001/XMLSchema-instance" xsi:noNamespaceSchemaLocation="https://maven.apache.org/surefire/maven-surefire-plugin/xsd/surefire-test-report.xsd" name="TestSuite" time="28.309" tests="10" errors="0" skipped="0" failures="2">
  <properties>
    <property name="sun.desktop" value="windows"/>
    <property name="awt.toolkit" value="sun.awt.windows.WToolkit"/>
    <property name="file.encoding.pkg" value="sun.io"/>
    <property name="java.specification.version" value="1.8"/>
    <property name="sun.cpu.isalist" value="amd64"/>
    <property name="sun.jnu.encoding" value="Cp1252"/>
    <property name="java.class.path" value="C:\Users\chetan\check\my-app\target\test-classes;C:\Users\chetan\check\my-app\target\classes;C:\Users\chetan\.m2\repository\org\seleniumhq\selenium\selenium-java\3.14.0\selenium-java-3.14.0.jar;C:\Users\chetan\.m2\repository\org\seleniumhq\selenium\selenium-api\3.14.0\selenium-api-3.14.0.jar;C:\Users\chetan\.m2\repository\org\seleniumhq\selenium\selenium-chrome-driver\3.14.0\selenium-chrome-driver-3.14.0.jar;C:\Users\chetan\.m2\repository\org\seleniumhq\selenium\selenium-edge-driver\3.14.0\selenium-edge-driver-3.14.0.jar;C:\Users\chetan\.m2\repository\org\seleniumhq\selenium\selenium-ie-driver\3.14.0\selenium-ie-driver-3.14.0.jar;C:\Users\chetan\.m2\repository\org\seleniumhq\selenium\selenium-opera-driver\3.14.0\selenium-opera-driver-3.14.0.jar;C:\Users\chetan\.m2\repository\org\seleniumhq\selenium\selenium-remote-driver\3.14.0\selenium-remote-driver-3.14.0.jar;C:\Users\chetan\.m2\repository\org\seleniumhq\selenium\selenium-safari-driver\3.14.0\selenium-safari-driver-3.14.0.jar;C:\Users\chetan\.m2\repository\org\seleniumhq\selenium\selenium-support\3.14.0\selenium-support-3.14.0.jar;C:\Users\chetan\.m2\repository\net\bytebuddy\byte-buddy\1.8.15\byte-buddy-1.8.15.jar;C:\Users\chetan\.m2\repository\org\apache\commons\commons-exec\1.3\commons-exec-1.3.jar;C:\Users\chetan\.m2\repository\commons-codec\commons-codec\1.10\commons-codec-1.10.jar;C:\Users\chetan\.m2\repository\commons-logging\commons-logging\1.2\commons-logging-1.2.jar;C:\Users\chetan\.m2\repository\com\google\guava\guava\25.0-jre\guava-25.0-jre.jar;C:\Users\chetan\.m2\repository\com\google\code\findbugs\jsr305\1.3.9\jsr305-1.3.9.jar;C:\Users\chetan\.m2\repository\org\checkerframework\checker-compat-qual\2.0.0\checker-compat-qual-2.0.0.jar;C:\Users\chetan\.m2\repository\com\google\errorprone\error_prone_annotations\2.1.3\error_prone_annotations-2.1.3.jar;C:\Users\chetan\.m2\repository\com\google\j2objc\j2objc-annotations\1.1\j2objc-annotations-1.1.jar;C:\Users\chetan\.m2\repository\org\codehaus\mojo\animal-sniffer-annotations\1.14\animal-sniffer-annotations-1.14.jar;C:\Users\chetan\.m2\repository\org\apache\httpcomponents\httpclient\4.5.5\httpclient-4.5.5.jar;C:\Users\chetan\.m2\repository\org\apache\httpcomponents\httpcore\4.4.9\httpcore-4.4.9.jar;C:\Users\chetan\.m2\repository\com\squareup\okhttp3\okhttp\3.10.0\okhttp-3.10.0.jar;C:\Users\chetan\.m2\repository\com\squareup\okio\okio\1.14.1\okio-1.14.1.jar;C:\Users\chetan\.m2\repository\log4j\log4j\1.2.17\log4j-1.2.17.jar;C:\Users\chetan\.m2\repository\org\testng\testng\6.11\testng-6.11.jar;C:\Users\chetan\.m2\repository\com\beust\jcommander\1.64\jcommander-1.64.jar;C:\Users\chetan\.m2\repository\org\yaml\snakeyaml\1.17\snakeyaml-1.17.jar;C:\Users\chetan\.m2\repository\io\cucumber\cucumber-testng\3.0.2\cucumber-testng-3.0.2.jar;C:\Users\chetan\.m2\repository\io\cucumber\cucumber-core\3.0.2\cucumber-core-3.0.2.jar;C:\Users\chetan\.m2\repository\io\cucumber\cucumber-html\0.2.7\cucumber-html-0.2.7.jar;C:\Users\chetan\.m2\repository\io\cucumber\gherkin\5.0.0\gherkin-5.0.0.jar;C:\Users\chetan\.m2\repository\io\cucumber\tag-expressions\1.1.1\tag-expressions-1.1.1.jar;C:\Users\chetan\.m2\repository\io\cucumber\cucumber-expressions\5.0.19\cucumber-expressions-5.0.19.jar;C:\Users\chetan\.m2\repository\io\cucumber\datatable\1.0.3\datatable-1.0.3.jar;C:\Users\chetan\.m2\repository\io\cucumber\datatable-dependencies\1.0.3\datatable-dependencies-1.0.3.jar;C:\Users\chetan\.m2\repository\io\rest-assured\rest-assured\3.0.5\rest-assured-3.0.5.jar;C:\Users\chetan\.m2\repository\org\codehaus\groovy\groovy\2.4.9\groovy-2.4.9.jar;C:\Users\chetan\.m2\repository\org\codehaus\groovy\groovy-xml\2.4.9\groovy-xml-2.4.9.jar;C:\Users\chetan\.m2\repository\org\apache\httpcomponents\httpmime\4.5.1\httpmime-4.5.1.jar;C:\Users\chetan\.m2\repository\org\hamcrest\hamcrest-core\1.3\hamcrest-core-1.3.jar;C:\Users\chetan\.m2\repository\org\hamcrest\hamcrest-library\1.3\hamcrest-library-1.3.jar;C:\Users\chetan\.m2\repository\org\ccil\cowan\tagsoup\tagsoup\1.2.1\tagsoup-1.2.1.jar;C:\Users\chetan\.m2\repository\io\rest-assured\json-path\3.0.5\json-path-3.0.5.jar;C:\Users\chetan\.m2\repository\org\codehaus\groovy\groovy-json\2.4.9\groovy-json-2.4.9.jar;C:\Users\chetan\.m2\repository\io\rest-assured\rest-assured-common\3.0.5\rest-assured-common-3.0.5.jar;C:\Users\chetan\.m2\repository\io\rest-assured\xml-path\3.0.5\xml-path-3.0.5.jar;C:\Users\chetan\.m2\repository\io\appium\java-client\5.0.4\java-client-5.0.4.jar;C:\Users\chetan\.m2\repository\com\google\code\gson\gson\2.8.2\gson-2.8.2.jar;C:\Users\chetan\.m2\repository\cglib\cglib\3.2.5\cglib-3.2.5.jar;C:\Users\chetan\.m2\repository\org\ow2\asm\asm\5.2\asm-5.2.jar;C:\Users\chetan\.m2\repository\org\apache\ant\ant\1.9.6\ant-1.9.6.jar;C:\Users\chetan\.m2\repository\org\apache\ant\ant-launcher\1.9.6\ant-launcher-1.9.6.jar;C:\Users\chetan\.m2\repository\commons-validator\commons-validator\1.6\commons-validator-1.6.jar;C:\Users\chetan\.m2\repository\commons-beanutils\commons-beanutils\1.9.2\commons-beanutils-1.9.2.jar;C:\Users\chetan\.m2\repository\commons-digester\commons-digester\1.8.1\commons-digester-1.8.1.jar;C:\Users\chetan\.m2\repository\commons-collections\commons-collections\3.2.2\commons-collections-3.2.2.jar;C:\Users\chetan\.m2\repository\org\apache\commons\commons-lang3\3.6\commons-lang3-3.6.jar;C:\Users\chetan\.m2\repository\commons-io\commons-io\2.5\commons-io-2.5.jar;C:\Users\chetan\.m2\repository\org\springframework\spring-context\5.0.0.RELEASE\spring-context-5.0.0.RELEASE.jar;C:\Users\chetan\.m2\repository\org\springframework\spring-aop\5.0.0.RELEASE\spring-aop-5.0.0.RELEASE.jar;C:\Users\chetan\.m2\repository\org\springframework\spring-beans\5.0.0.RELEASE\spring-beans-5.0.0.RELEASE.jar;C:\Users\chetan\.m2\repository\org\springframework\spring-core\5.0.0.RELEASE\spring-core-5.0.0.RELEASE.jar;C:\Users\chetan\.m2\repository\org\springframework\spring-jcl\5.0.0.RELEASE\spring-jcl-5.0.0.RELEASE.jar;C:\Users\chetan\.m2\repository\org\springframework\spring-expression\5.0.0.RELEASE\spring-expression-5.0.0.RELEASE.jar;C:\Users\chetan\.m2\repository\org\aspectj\aspectjweaver\1.8.11\aspectjweaver-1.8.11.jar;C:\Users\chetan\.m2\repository\org\openpnp\opencv\3.2.0-1\opencv-3.2.0-1.jar;C:\Users\chetan\.m2\repository\org\seleniumhq\selenium\selenium-firefox-driver\3.14.0\selenium-firefox-driver-3.14.0.jar;C:\Users\chetan\.m2\repository\info\cukes\cucumber-java\1.0.14\cucumber-java-1.0.14.jar;C:\Users\chetan\.m2\repository\info\cukes\cucumber-core\1.0.14\cucumber-core-1.0.14.jar;C:\Users\chetan\.m2\repository\info\cukes\cucumber-junit\1.0.14\cucumber-junit-1.0.14.jar;C:\Users\chetan\.m2\repository\com\relevantcodes\extentreports\2.41.2\extentreports-2.41.2.jar;C:\Users\chetan\.m2\repository\org\jsoup\jsoup\1.8.3\jsoup-1.8.3.jar;C:\Users\chetan\.m2\repository\org\xerial\sqlite-jdbc\3.8.11.1\sqlite-jdbc-3.8.11.1.jar;C:\Users\chetan\.m2\repository\org\freemarker\freemarker\2.3.23\freemarker-2.3.23.jar;C:\Users\chetan\.m2\repository\org\mongodb\mongodb-driver\3.0.4\mongodb-driver-3.0.4.jar;C:\Users\chetan\.m2\repository\org\mongodb\bson\3.0.4\bson-3.0.4.jar;C:\Users\chetan\.m2\repository\org\mongodb\mongodb-driver-core\3.0.4\mongodb-driver-core-3.0.4.jar;C:\Users\chetan\.m2\repository\com\aventstack\extentreports\3.1.5\extentreports-3.1.5.jar;C:\Users\chetan\.m2\repository\com\googlecode\json-simple\json-simple\1.1.1\json-simple-1.1.1.jar;C:\Users\chetan\.m2\repository\junit\junit\4.10\junit-4.10.jar;C:\Users\chetan\.m2\repository\org\apache\maven\surefire\surefire-testng-utils\2.20.1\surefire-testng-utils-2.20.1.jar;C:\Users\chetan\.m2\repository\org\apache\maven\surefire\surefire-grouper\2.20.1\surefire-grouper-2.20.1.jar;"/>
    <property name="java.vm.vendor" value="Oracle Corporation"/>
    <property name="sun.arch.data.model" value="64"/>
    <property name="user.variant" value=""/>
    <property name="java.vendor.url" value="http://java.oracle.com/"/>
    <property name="user.timezone" value=""/>
    <property name="java.vm.specification.version" value="1.8"/>
    <property name="os.name" value="Windows 10"/>
    <property name="user.country" value="US"/>
    <property name="sun.java.launcher" value="SUN_STANDARD"/>
    <property name="sun.boot.library.path" value="C:\Program Files\Java\jdk1.8.0_181\jre\bin"/>
    <property name="sun.java.command" value="C:\Users\chetan\AppData\Local\Temp\surefire4737402230906575467\surefirebooter8276956518928716984.jar C:\Users\chetan\AppData\Local\Temp\surefire4737402230906575467 2018-09-12T21-49-36_699-jvmRun1 surefire6294222050065129528tmp surefire_07833287484545174835tmp"/>
    <property name="surefire.test.class.path" value="C:\Users\chetan\check\my-app\target\test-classes;C:\Users\chetan\check\my-app\target\classes;C:\Users\chetan\.m2\repository\org\seleniumhq\selenium\selenium-java\3.14.0\selenium-java-3.14.0.jar;C:\Users\chetan\.m2\repository\org\seleniumhq\selenium\selenium-api\3.14.0\selenium-api-3.14.0.jar;C:\Users\chetan\.m2\repository\org\seleniumhq\selenium\selenium-chrome-driver\3.14.0\selenium-chrome-driver-3.14.0.jar;C:\Users\chetan\.m2\repository\org\seleniumhq\selenium\selenium-edge-driver\3.14.0\selenium-edge-driver-3.14.0.jar;C:\Users\chetan\.m2\repository\org\seleniumhq\selenium\selenium-ie-driver\3.14.0\selenium-ie-driver-3.14.0.jar;C:\Users\chetan\.m2\repository\org\seleniumhq\selenium\selenium-opera-driver\3.14.0\selenium-opera-driver-3.14.0.jar;C:\Users\chetan\.m2\repository\org\seleniumhq\selenium\selenium-remote-driver\3.14.0\selenium-remote-driver-3.14.0.jar;C:\Users\chetan\.m2\repository\org\seleniumhq\selenium\selenium-safari-driver\3.14.0\selenium-safari-driver-3.14.0.jar;C:\Users\chetan\.m2\repository\org\seleniumhq\selenium\selenium-support\3.14.0\selenium-support-3.14.0.jar;C:\Users\chetan\.m2\repository\net\bytebuddy\byte-buddy\1.8.15\byte-buddy-1.8.15.jar;C:\Users\chetan\.m2\repository\org\apache\commons\commons-exec\1.3\commons-exec-1.3.jar;C:\Users\chetan\.m2\repository\commons-codec\commons-codec\1.10\commons-codec-1.10.jar;C:\Users\chetan\.m2\repository\commons-logging\commons-logging\1.2\commons-logging-1.2.jar;C:\Users\chetan\.m2\repository\com\google\guava\guava\25.0-jre\guava-25.0-jre.jar;C:\Users\chetan\.m2\repository\com\google\code\findbugs\jsr305\1.3.9\jsr305-1.3.9.jar;C:\Users\chetan\.m2\repository\org\checkerframework\checker-compat-qual\2.0.0\checker-compat-qual-2.0.0.jar;C:\Users\chetan\.m2\repository\com\google\errorprone\error_prone_annotations\2.1.3\error_prone_annotations-2.1.3.jar;C:\Users\chetan\.m2\repository\com\google\j2objc\j2objc-annotations\1.1\j2objc-annotations-1.1.jar;C:\Users\chetan\.m2\repository\org\codehaus\mojo\animal-sniffer-annotations\1.14\animal-sniffer-annotations-1.14.jar;C:\Users\chetan\.m2\repository\org\apache\httpcomponents\httpclient\4.5.5\httpclient-4.5.5.jar;C:\Users\chetan\.m2\repository\org\apache\httpcomponents\httpcore\4.4.9\httpcore-4.4.9.jar;C:\Users\chetan\.m2\repository\com\squareup\okhttp3\okhttp\3.10.0\okhttp-3.10.0.jar;C:\Users\chetan\.m2\repository\com\squareup\okio\okio\1.14.1\okio-1.14.1.jar;C:\Users\chetan\.m2\repository\log4j\log4j\1.2.17\log4j-1.2.17.jar;C:\Users\chetan\.m2\repository\org\testng\testng\6.11\testng-6.11.jar;C:\Users\chetan\.m2\repository\com\beust\jcommander\1.64\jcommander-1.64.jar;C:\Users\chetan\.m2\repository\org\yaml\snakeyaml\1.17\snakeyaml-1.17.jar;C:\Users\chetan\.m2\repository\io\cucumber\cucumber-testng\3.0.2\cucumber-testng-3.0.2.jar;C:\Users\chetan\.m2\repository\io\cucumber\cucumber-core\3.0.2\cucumber-core-3.0.2.jar;C:\Users\chetan\.m2\repository\io\cucumber\cucumber-html\0.2.7\cucumber-html-0.2.7.jar;C:\Users\chetan\.m2\repository\io\cucumber\gherkin\5.0.0\gherkin-5.0.0.jar;C:\Users\chetan\.m2\repository\io\cucumber\tag-expressions\1.1.1\tag-expressions-1.1.1.jar;C:\Users\chetan\.m2\repository\io\cucumber\cucumber-expressions\5.0.19\cucumber-expressions-5.0.19.jar;C:\Users\chetan\.m2\repository\io\cucumber\datatable\1.0.3\datatable-1.0.3.jar;C:\Users\chetan\.m2\repository\io\cucumber\datatable-dependencies\1.0.3\datatable-dependencies-1.0.3.jar;C:\Users\chetan\.m2\repository\io\rest-assured\rest-assured\3.0.5\rest-assured-3.0.5.jar;C:\Users\chetan\.m2\repository\org\codehaus\groovy\groovy\2.4.9\groovy-2.4.9.jar;C:\Users\chetan\.m2\repository\org\codehaus\groovy\groovy-xml\2.4.9\groovy-xml-2.4.9.jar;C:\Users\chetan\.m2\repository\org\apache\httpcomponents\httpmime\4.5.1\httpmime-4.5.1.jar;C:\Users\chetan\.m2\repository\org\hamcrest\hamcrest-core\1.3\hamcrest-core-1.3.jar;C:\Users\chetan\.m2\repository\org\hamcrest\hamcrest-library\1.3\hamcrest-library-1.3.jar;C:\Users\chetan\.m2\repository\org\ccil\cowan\tagsoup\tagsoup\1.2.1\tagsoup-1.2.1.jar;C:\Users\chetan\.m2\repository\io\rest-assured\json-path\3.0.5\json-path-3.0.5.jar;C:\Users\chetan\.m2\repository\org\codehaus\groovy\groovy-json\2.4.9\groovy-json-2.4.9.jar;C:\Users\chetan\.m2\repository\io\rest-assured\rest-assured-common\3.0.5\rest-assured-common-3.0.5.jar;C:\Users\chetan\.m2\repository\io\rest-assured\xml-path\3.0.5\xml-path-3.0.5.jar;C:\Users\chetan\.m2\repository\io\appium\java-client\5.0.4\java-client-5.0.4.jar;C:\Users\chetan\.m2\repository\com\google\code\gson\gson\2.8.2\gson-2.8.2.jar;C:\Users\chetan\.m2\repository\cglib\cglib\3.2.5\cglib-3.2.5.jar;C:\Users\chetan\.m2\repository\org\ow2\asm\asm\5.2\asm-5.2.jar;C:\Users\chetan\.m2\repository\org\apache\ant\ant\1.9.6\ant-1.9.6.jar;C:\Users\chetan\.m2\repository\org\apache\ant\ant-launcher\1.9.6\ant-launcher-1.9.6.jar;C:\Users\chetan\.m2\repository\commons-validator\commons-validator\1.6\commons-validator-1.6.jar;C:\Users\chetan\.m2\repository\commons-beanutils\commons-beanutils\1.9.2\commons-beanutils-1.9.2.jar;C:\Users\chetan\.m2\repository\commons-digester\commons-digester\1.8.1\commons-digester-1.8.1.jar;C:\Users\chetan\.m2\repository\commons-collections\commons-collections\3.2.2\commons-collections-3.2.2.jar;C:\Users\chetan\.m2\repository\org\apache\commons\commons-lang3\3.6\commons-lang3-3.6.jar;C:\Users\chetan\.m2\repository\commons-io\commons-io\2.5\commons-io-2.5.jar;C:\Users\chetan\.m2\repository\org\springframework\spring-context\5.0.0.RELEASE\spring-context-5.0.0.RELEASE.jar;C:\Users\chetan\.m2\repository\org\springframework\spring-aop\5.0.0.RELEASE\spring-aop-5.0.0.RELEASE.jar;C:\Users\chetan\.m2\repository\org\springframework\spring-beans\5.0.0.RELEASE\spring-beans-5.0.0.RELEASE.jar;C:\Users\chetan\.m2\repository\org\springframework\spring-core\5.0.0.RELEASE\spring-core-5.0.0.RELEASE.jar;C:\Users\chetan\.m2\repository\org\springframework\spring-jcl\5.0.0.RELEASE\spring-jcl-5.0.0.RELEASE.jar;C:\Users\chetan\.m2\repository\org\springframework\spring-expression\5.0.0.RELEASE\spring-expression-5.0.0.RELEASE.jar;C:\Users\chetan\.m2\repository\org\aspectj\aspectjweaver\1.8.11\aspectjweaver-1.8.11.jar;C:\Users\chetan\.m2\repository\org\openpnp\opencv\3.2.0-1\opencv-3.2.0-1.jar;C:\Users\chetan\.m2\repository\org\seleniumhq\selenium\selenium-firefox-driver\3.14.0\selenium-firefox-driver-3.14.0.jar;C:\Users\chetan\.m2\repository\info\cukes\cucumber-java\1.0.14\cucumber-java-1.0.14.jar;C:\Users\chetan\.m2\repository\info\cukes\cucumber-core\1.0.14\cucumber-core-1.0.14.jar;C:\Users\chetan\.m2\repository\info\cukes\cucumber-junit\1.0.14\cucumber-junit-1.0.14.jar;C:\Users\chetan\.m2\repository\com\relevantcodes\extentreports\2.41.2\extentreports-2.41.2.jar;C:\Users\chetan\.m2\repository\org\jsoup\jsoup\1.8.3\jsoup-1.8.3.jar;C:\Users\chetan\.m2\repository\org\xerial\sqlite-jdbc\3.8.11.1\sqlite-jdbc-3.8.11.1.jar;C:\Users\chetan\.m2\repository\org\freemarker\freemarker\2.3.23\freemarker-2.3.23.jar;C:\Users\chetan\.m2\repository\org\mongodb\mongodb-driver\3.0.4\mongodb-driver-3.0.4.jar;C:\Users\chetan\.m2\repository\org\mongodb\bson\3.0.4\bson-3.0.4.jar;C:\Users\chetan\.m2\repository\org\mongodb\mongodb-driver-core\3.0.4\mongodb-driver-core-3.0.4.jar;C:\Users\chetan\.m2\repository\com\aventstack\extentreports\3.1.5\extentreports-3.1.5.jar;C:\Users\chetan\.m2\repository\com\googlecode\json-simple\json-simple\1.1.1\json-simple-1.1.1.jar;C:\Users\chetan\.m2\repository\junit\junit\4.10\junit-4.10.jar;C:\Users\chetan\.m2\repository\org\apache\maven\surefire\surefire-testng-utils\2.20.1\surefire-testng-utils-2.20.1.jar;C:\Users\chetan\.m2\repository\org\apache\maven\surefire\surefire-grouper\2.20.1\surefire-grouper-2.20.1.jar;"/>
    <property name="sun.cpu.endian" value="little"/>
    <property name="user.home" value="C:\Users\chetan"/>
    <property name="user.language" value="en"/>
    <property name="java.specification.vendor" value="Oracle Corporation"/>
    <property name="java.home" value="C:\Program Files\Java\jdk1.8.0_181\jre"/>
    <property name="basedir" value="C:\Users\chetan\check\my-app"/>
    <property name="file.separator" value="\"/>
    <property name="line.separator" value="&#10;"/>
    <property name="java.vm.specification.vendor" value="Oracle Corporation"/>
    <property name="java.specification.name" value="Java Platform API Specification"/>
    <property name="java.awt.graphicsenv" value="sun.awt.Win32GraphicsEnvironment"/>
    <property name="surefire.real.class.path" value="C:\Users\chetan\AppData\Local\Temp\surefire4737402230906575467\surefirebooter8276956518928716984.jar"/>
    <property name="sun.boot.class.path" value="C:\Program Files\Java\jdk1.8.0_181\jre\lib\resources.jar;C:\Program Files\Java\jdk1.8.0_181\jre\lib\rt.jar;C:\Program Files\Java\jdk1.8.0_181\jre\lib\sunrsasign.jar;C:\Program Files\Java\jdk1.8.0_181\jre\lib\jsse.jar;C:\Program Files\Java\jdk1.8.0_181\jre\lib\jce.jar;C:\Program Files\Java\jdk1.8.0_181\jre\lib\charsets.jar;C:\Program Files\Java\jdk1.8.0_181\jre\lib\jfr.jar;C:\Program Files\Java\jdk1.8.0_181\jre\classes"/>
    <property name="user.script" value=""/>
    <property name="sun.management.compiler" value="HotSpot 64-Bit Tiered Compilers"/>
    <property name="java.runtime.version" value="1.8.0_181-b13"/>
    <property name="user.name" value="chetan"/>
    <property name="path.separator" value=";"/>
    <property name="os.version" value="10.0"/>
    <property name="java.endorsed.dirs" value="C:\Program Files\Java\jdk1.8.0_181\jre\lib\endorsed"/>
    <property name="java.runtime.name" value="Java(TM) SE Runtime Environment"/>
    <property name="file.encoding" value="Cp1252"/>
    <property name="java.vm.name" value="Java HotSpot(TM) 64-Bit Server VM"/>
    <property name="localRepository" value="C:\Users\chetan\.m2\repository"/>
    <property name="java.vendor.url.bug" value="http://bugreport.sun.com/bugreport/"/>
    <property name="java.io.tmpdir" value="C:\Users\chetan\AppData\Local\Temp\"/>
    <property name="java.version" value="1.8.0_181"/>
    <property name="user.dir" value="C:\Users\chetan\check\my-app"/>
    <property name="os.arch" value="amd64"/>
    <property name="java.vm.specification.name" value="Java Virtual Machine Specification"/>
    <property name="java.awt.printerjob" value="sun.awt.windows.WPrinterJob"/>
    <property name="sun.os.patch.level" value=""/>
    <property name="java.library.path" value="C:\Program Files\Java\jdk1.8.0_181\jre\bin;C:\WINDOWS\Sun\Java\bin;C:\WINDOWS\system32;C:\WINDOWS;C:\Program Files (x86)\Common Files\Oracle\Java\javapath;c:\Program Files (x86)\Intel\iCLS Client\;c:\Program Files\Intel\iCLS Client\;C:\WINDOWS\system32;C:\WINDOWS;C:\WINDOWS\System32\Wbem;C:\WINDOWS\System32\WindowsPowerShell\v1.0\;C:\Program Files\Intel\Intel(R) Management Engine Components\DAL;C:\Program Files\Intel\Intel(R) Management Engine Components\IPT;C:\Program Files (x86)\Intel\Intel(R) Management Engine Components\DAL;C:\Program Files (x86)\Intel\Intel(R) Management Engine Components\IPT;C:\Program Files (x86)\Windows Live\Shared;C:\Users\chetan\Maven\apache-maven-3.5.4\bin;C:\Program Files\Java\jdk1.8.0_181\bin;C:\WINDOWS\System32\OpenSSH\;C:\Program Files\Git\cmd;C:\Users\chetan\AppData\Local\Microsoft\WindowsApps;."/>
    <property name="java.vm.info" value="mixed mode"/>
    <property name="java.vendor" value="Oracle Corporation"/>
    <property name="java.vm.version" value="25.181-b13"/>
    <property name="java.ext.dirs" value="C:\Program Files\Java\jdk1.8.0_181\jre\lib\ext;C:\WINDOWS\Sun\Java\lib\ext"/>
    <property name="sun.io.unicode.encoding" value="UnicodeLittle"/>
    <property name="java.class.version" value="52.0"/>
  </properties>
  <testcase name="checkContentEncodingValidCity" classname="com.mycompany.app.GetTest" time="7.019">
    <failure message="expected [nginx/1.12.1] but found [nginx/1.14.0]" type="java.lang.AssertionError">java.lang.AssertionError: expected [nginx/1.12.1] but found [nginx/1.14.0]
	at com.mycompany.app.GetTest.checkContentEncodingValidCity(GetTest.java:147)
</failure>
    <system-out><![CDATA[DEBUG [main] (BasicClientConnectionManager.java:161)- Get connection for route {}->http://restapi.demoqa.com:80
DEBUG [main] (DefaultClientConnectionOperator.java:177)- Connecting to restapi.demoqa.com:80
DEBUG [main] (RequestAddCookies.java:123)- CookieSpec selected: ignoreCookies
DEBUG [main] (RequestAuthCache.java:77)- Auth cache not set in the context
DEBUG [main] (RequestTargetAuthentication.java:80)- Target auth state: UNCHALLENGED
DEBUG [main] (RequestProxyAuthentication.java:89)- Proxy auth state: UNCHALLENGED
DEBUG [main] (DefaultRequestDirector.java:682)- Attempt 1 to execute request
DEBUG [main] (DefaultClientConnection.java:274)- Sending request: GET /utilities/weather/city/Hyderabad HTTP/1.1
DEBUG [main] (Wire.java:73)-  >> "GET /utilities/weather/city/Hyderabad HTTP/1.1[\r][\n]"
DEBUG [main] (Wire.java:73)-  >> "Accept: */*[\r][\n]"
DEBUG [main] (Wire.java:73)-  >> "Content-Length: 0[\r][\n]"
DEBUG [main] (Wire.java:73)-  >> "Host: restapi.demoqa.com[\r][\n]"
DEBUG [main] (Wire.java:73)-  >> "Connection: Keep-Alive[\r][\n]"
DEBUG [main] (Wire.java:73)-  >> "User-Agent: Apache-HttpClient/4.5.5 (Java/1.8.0_181)[\r][\n]"
DEBUG [main] (Wire.java:73)-  >> "Accept-Encoding: gzip,deflate[\r][\n]"
DEBUG [main] (Wire.java:73)-  >> "[\r][\n]"
DEBUG [main] (DefaultClientConnection.java:278)- >> GET /utilities/weather/city/Hyderabad HTTP/1.1
DEBUG [main] (DefaultClientConnection.java:281)- >> Accept: */*
DEBUG [main] (DefaultClientConnection.java:281)- >> Content-Length: 0
DEBUG [main] (DefaultClientConnection.java:281)- >> Host: restapi.demoqa.com
DEBUG [main] (DefaultClientConnection.java:281)- >> Connection: Keep-Alive
DEBUG [main] (DefaultClientConnection.java:281)- >> User-Agent: Apache-HttpClient/4.5.5 (Java/1.8.0_181)
DEBUG [main] (DefaultClientConnection.java:281)- >> Accept-Encoding: gzip,deflate
DEBUG [main] (Wire.java:73)-  << "HTTP/1.1 200 OK[\r][\n]"
DEBUG [main] (Wire.java:73)-  << "Server: nginx/1.14.0[\r][\n]"
DEBUG [main] (Wire.java:73)-  << "Date: Wed, 12 Sep 2018 16:20:43 GMT[\r][\n]"
DEBUG [main] (Wire.java:73)-  << "Content-Type: application/json[\r][\n]"
DEBUG [main] (Wire.java:73)-  << "Content-Length: 160[\r][\n]"
DEBUG [main] (Wire.java:73)-  << "Connection: keep-alive[\r][\n]"
DEBUG [main] (Wire.java:73)-  << "Cache-Control: max-age=2592000[\r][\n]"
DEBUG [main] (Wire.java:73)-  << "Expires: Fri, 12 Oct 2018 16:20:43 GMT[\r][\n]"
DEBUG [main] (Wire.java:73)-  << "Vary: Accept-Encoding,User-Agent[\r][\n]"
DEBUG [main] (Wire.java:73)-  << "Content-Encoding: gzip[\r][\n]"
DEBUG [main] (Wire.java:73)-  << "Access-Control-Allow-Origin: *[\r][\n]"
DEBUG [main] (Wire.java:73)-  << "[\r][\n]"
DEBUG [main] (DefaultClientConnection.java:259)- Receiving response: HTTP/1.1 200 OK
DEBUG [main] (DefaultClientConnection.java:262)- << HTTP/1.1 200 OK
DEBUG [main] (DefaultClientConnection.java:265)- << Server: nginx/1.14.0
DEBUG [main] (DefaultClientConnection.java:265)- << Date: Wed, 12 Sep 2018 16:20:43 GMT
DEBUG [main] (DefaultClientConnection.java:265)- << Content-Type: application/json
DEBUG [main] (DefaultClientConnection.java:265)- << Content-Length: 160
DEBUG [main] (DefaultClientConnection.java:265)- << Connection: keep-alive
DEBUG [main] (DefaultClientConnection.java:265)- << Cache-Control: max-age=2592000
DEBUG [main] (DefaultClientConnection.java:265)- << Expires: Fri, 12 Oct 2018 16:20:43 GMT
DEBUG [main] (DefaultClientConnection.java:265)- << Vary: Accept-Encoding,User-Agent
DEBUG [main] (DefaultClientConnection.java:265)- << Content-Encoding: gzip
DEBUG [main] (DefaultClientConnection.java:265)- << Access-Control-Allow-Origin: *
DEBUG [main] (DefaultRequestDirector.java:509)- Connection can be kept alive indefinitely
DEBUG [main] (HTTPBuilder.java:544)- Parsing response as: application/json
DEBUG [main] (Wire.java:73)-  << "[0x1f][0x8b][0x8][0x0][0x0][0x0][0x0][0x0][0x0][0x3]M[0x8e][0xc1][\n]"
DEBUG [main] (Wire.java:73)-  << "[0xc2]0[0x10]D[0xef][0xfd][0x8a]%g)(V[0xd0][0xab]=[0x14][0xbc][0x8][\n]"
DEBUG [main] (Wire.java:87)-  << "[0x9e]c2[0x98][0x5][0xdb][0x86]Mr[0xa8][0xe2][0xbf][0xdb][0xd0]V[0xdc][0xe3][0xbc][0xc7][0xec][0xbc][0xb][0x1a]O[0x1d]9[0xe][0xea]@[0xaa][0x19],D[0xdf][0xb5]U[0xab][0x9]\[0xd1][0xfa]1[0x89]I[0x90][0xf9][0xa6]*w[0x15][0xd5]x[0x8]@[0x6][0xcf][0xc0]),j[0x93]Z[0xb6]s[0xcf]~Kg[0x88]A[0x17][0x17]z[0x83][0x8e][0xe]R#[0x18]a[0x1f][0xb9][0xef][0xb2][0xe7][0xf4][0xb]?[0x83];{[0xf1][0x80][0xcd]`]Vtji[0xfc]M[0xae]O[0xf2][0xef][0xd4],0[0xb9]`[0x9a][0x91][0xed]y[0x91]*>_M[0xa3][0x8a][0x99][0xd0][0x0][0x0][0x0]"
DEBUG [main] (HTTPBuilder.java:547)- Parsed data to instance of: class org.apache.http.conn.EofSensorInputStream
]]></system-out>
  </testcase>
  <testcase name="checkStatusCodeInvalidCity" classname="com.mycompany.app.GetTest" time="1.655"/>
  <testcase name="checkStatusCodeValidCity" classname="com.mycompany.app.GetTest" time="1.284"/>
  <testcase name="displayAllNodesInWeatherAPI" classname="com.mycompany.app.GetTest" time="3.215"/>
  <testcase name="getResponseBodyValidCity" classname="com.mycompany.app.GetTest" time="1.338"/>
  <testcase name="getWeatherHeaders" classname="com.mycompany.app.GetTest" time="1.426"/>
  <testcase name="iteratingOverHeaders" classname="com.mycompany.app.GetTest" time="1.119"/>
  <testcase name="verifyCityInJsonResponse" classname="com.mycompany.app.GetTest" time="1.236"/>
  <testcase name="registrationSuccessful" classname="com.mycompany.app.PostTest" time="1.157">
    <failure message="expected [201] but found [200]" type="java.lang.AssertionError">java.lang.AssertionError: expected [201] but found [200]
	at com.mycompany.app.PostTest.registrationSuccessful(PostTest.java:41)
</failure>
    <system-out><![CDATA[DEBUG [main] (BasicClientConnectionManager.java:161)- Get connection for route {}->http://restapi.demoqa.com:80
DEBUG [main] (DefaultClientConnectionOperator.java:177)- Connecting to restapi.demoqa.com:80
DEBUG [main] (RequestAddCookies.java:123)- CookieSpec selected: ignoreCookies
DEBUG [main] (RequestAuthCache.java:77)- Auth cache not set in the context
DEBUG [main] (RequestTargetAuthentication.java:80)- Target auth state: UNCHALLENGED
DEBUG [main] (RequestProxyAuthentication.java:89)- Proxy auth state: UNCHALLENGED
DEBUG [main] (DefaultRequestDirector.java:682)- Attempt 1 to execute request
DEBUG [main] (DefaultClientConnection.java:274)- Sending request: POST /customer/register HTTP/1.1
DEBUG [main] (Wire.java:73)-  >> "POST /customer/register HTTP/1.1[\r][\n]"
DEBUG [main] (Wire.java:73)-  >> "Accept: */*[\r][\n]"
DEBUG [main] (Wire.java:73)-  >> "Content-Type: text/plain; charset=ISO-8859-1[\r][\n]"
DEBUG [main] (Wire.java:73)-  >> "Content-Length: 132[\r][\n]"
DEBUG [main] (Wire.java:73)-  >> "Host: restapi.demoqa.com[\r][\n]"
DEBUG [main] (Wire.java:73)-  >> "Connection: Keep-Alive[\r][\n]"
DEBUG [main] (Wire.java:73)-  >> "User-Agent: Apache-HttpClient/4.5.5 (Java/1.8.0_181)[\r][\n]"
DEBUG [main] (Wire.java:73)-  >> "Accept-Encoding: gzip,deflate[\r][\n]"
DEBUG [main] (Wire.java:73)-  >> "[\r][\n]"
DEBUG [main] (DefaultClientConnection.java:278)- >> POST /customer/register HTTP/1.1
DEBUG [main] (DefaultClientConnection.java:281)- >> Accept: */*
DEBUG [main] (DefaultClientConnection.java:281)- >> Content-Type: text/plain; charset=ISO-8859-1
DEBUG [main] (DefaultClientConnection.java:281)- >> Content-Length: 132
DEBUG [main] (DefaultClientConnection.java:281)- >> Host: restapi.demoqa.com
DEBUG [main] (DefaultClientConnection.java:281)- >> Connection: Keep-Alive
DEBUG [main] (DefaultClientConnection.java:281)- >> User-Agent: Apache-HttpClient/4.5.5 (Java/1.8.0_181)
DEBUG [main] (DefaultClientConnection.java:281)- >> Accept-Encoding: gzip,deflate
DEBUG [main] (Wire.java:87)-  >> "{"UserName":"sdimpleuser2dd2011","Email":"sample2ee26d9@gmail.com","FirstName":"Virender","LastName":"Singh","Password":"password1"}"
DEBUG [main] (Wire.java:73)-  << "HTTP/1.1 200 OK[\r][\n]"
DEBUG [main] (Wire.java:73)-  << "Server: nginx/1.14.0[\r][\n]"
DEBUG [main] (Wire.java:73)-  << "Date: Wed, 12 Sep 2018 16:20:56 GMT[\r][\n]"
DEBUG [main] (Wire.java:73)-  << "Content-Type: application/json[\r][\n]"
DEBUG [main] (Wire.java:73)-  << "Content-Length: 92[\r][\n]"
DEBUG [main] (Wire.java:73)-  << "Connection: keep-alive[\r][\n]"
DEBUG [main] (Wire.java:73)-  << "Cache-Control: max-age=2592000[\r][\n]"
DEBUG [main] (Wire.java:73)-  << "Expires: Fri, 12 Oct 2018 16:20:56 GMT[\r][\n]"
DEBUG [main] (Wire.java:73)-  << "Vary: Accept-Encoding,User-Agent[\r][\n]"
DEBUG [main] (Wire.java:73)-  << "Content-Encoding: gzip[\r][\n]"
DEBUG [main] (Wire.java:73)-  << "Access-Control-Allow-Origin: *[\r][\n]"
DEBUG [main] (Wire.java:73)-  << "[\r][\n]"
DEBUG [main] (DefaultClientConnection.java:259)- Receiving response: HTTP/1.1 200 OK
DEBUG [main] (DefaultClientConnection.java:262)- << HTTP/1.1 200 OK
DEBUG [main] (DefaultClientConnection.java:265)- << Server: nginx/1.14.0
DEBUG [main] (DefaultClientConnection.java:265)- << Date: Wed, 12 Sep 2018 16:20:56 GMT
DEBUG [main] (DefaultClientConnection.java:265)- << Content-Type: application/json
DEBUG [main] (DefaultClientConnection.java:265)- << Content-Length: 92
DEBUG [main] (DefaultClientConnection.java:265)- << Connection: keep-alive
DEBUG [main] (DefaultClientConnection.java:265)- << Cache-Control: max-age=2592000
DEBUG [main] (DefaultClientConnection.java:265)- << Expires: Fri, 12 Oct 2018 16:20:56 GMT
DEBUG [main] (DefaultClientConnection.java:265)- << Vary: Accept-Encoding,User-Agent
DEBUG [main] (DefaultClientConnection.java:265)- << Content-Encoding: gzip
DEBUG [main] (DefaultClientConnection.java:265)- << Access-Control-Allow-Origin: *
DEBUG [main] (DefaultRequestDirector.java:509)- Connection can be kept alive indefinitely
DEBUG [main] (HTTPBuilder.java:544)- Parsing response as: application/json
DEBUG [main] (Wire.java:87)-  << "[0x1f][0x8b][0x8][0x0][0x0][0x0][0x0][0x0][0x0][0x3][0xab][0xe6]R[0x0][0x2]%[0xb7][0xc4][0xd2][0x9c][0x12][0xcf][0x14]%+[0x5][0xa5][0xd0][0xe2][0xd4]"[0x85][0xc4][0x9c][0xa2][0xd4][0xc4][0x94]J[0x85][0xd4][0x8a][0xcc][0xe2][0x92]b%[0x1d][0x88][0xaa]4[0x90]*[0x90][0x1a]7[0xc7]P[0x9f][0x90][0xf8][0xd0]`[0xd7][0xa0]xG[0x9f] WG[0x97][0xc8]x[0xd7][0x8][0xcf][0xe0][0x90]`%[0xae]Z[0x0][0x1e][0x8b][0xe][0x9a]R[0x0][0x0][0x0]"
DEBUG [main] (HTTPBuilder.java:547)- Parsed data to instance of: class org.apache.http.conn.EofSensorInputStream
]]></system-out>
  </testcase>
  <testcase name="JsonPathUsage" classname="com.mycompany.app.JsonPathTest" time="1.538"/>
</testsuite>